[debug] [2022-04-05T21:39:09.929Z] ----------------------------------------------------------------------
[debug] [2022-04-05T21:39:09.931Z] Command:       C:\Program Files\nodejs\node.exe C:\Program Files\nodejs\node_modules\firebase-tools\lib\bin\firebase.js init
[debug] [2022-04-05T21:39:09.931Z] CLI Version:   10.6.0
[debug] [2022-04-05T21:39:09.931Z] Platform:      win32
[debug] [2022-04-05T21:39:09.932Z] Node Version:  v17.4.0
[debug] [2022-04-05T21:39:09.951Z] Time:          Wed Apr 06 2022 00:39:09 GMT+0300 (GMT+03:00)
[debug] [2022-04-05T21:39:09.951Z] ----------------------------------------------------------------------
[debug] 
[debug] [2022-04-05T21:39:10.036Z] > command requires scopes: ["email","openid","https://www.googleapis.com/auth/cloudplatformprojects.readonly","https://www.googleapis.com/auth/firebase","https://www.googleapis.com/auth/cloud-platform"]
[debug] [2022-04-05T21:39:10.037Z] > authorizing via signed-in user (taneri862@gmail.com)
[info] 
     ######## #### ########  ######## ########     ###     ######  ########
     ##        ##  ##     ## ##       ##     ##  ##   ##  ##       ##
     ######    ##  ########  ######   ########  #########  ######  ######
     ##        ##  ##    ##  ##       ##     ## ##     ##       ## ##
     ##       #### ##     ## ######## ########  ##     ##  ######  ########

You're about to initialize a Firebase project in this directory:

  C:\src\smyrna_courts_of_justice

Before we get started, keep in mind:

  * You are currently outside your home directory
  * You are initializing within an existing Firebase project directory

[info] 
=== Project Setup
[info] 
[info] First, let's associate this project directory with a Firebase project.
[info] You can create multiple project aliases by running firebase use --add, 
[info] but for now we'll just set up a default project.
[info] 
[debug] [2022-04-05T21:39:24.729Z] Using project from CLI flag: smyrna-courts-of-justice-737a6
[debug] [2022-04-05T21:39:24.736Z] > refreshing access token with scopes: []
[debug] [2022-04-05T21:39:24.737Z] >>> HTTP REQUEST POST https://www.googleapis.com/oauth2/v3/token  
 <request body omitted>
[debug] [2022-04-05T21:39:25.128Z] <<< HTTP RESPONSE 200 {"cache-control":"no-cache, no-store, max-age=0, must-revalidate","expires":"Mon, 01 Jan 1990 00:00:00 GMT","pragma":"no-cache","date":"Tue, 05 Apr 2022 21:39:25 GMT","content-type":"application/json; charset=utf-8","vary":"X-Origin, Referer, Origin,Accept-Encoding","server":"scaffolding on HTTPServer2","x-xss-protection":"0","x-frame-options":"SAMEORIGIN","x-content-type-options":"nosniff","alt-svc":"h3=\":443\"; ma=2592000,h3-29=\":443\"; ma=2592000,h3-Q050=\":443\"; ma=2592000,h3-Q046=\":443\"; ma=2592000,h3-Q043=\":443\"; ma=2592000,quic=\":443\"; ma=2592000; v=\"46,43\"","accept-ranges":"none","transfer-encoding":"chunked"}
[debug] [2022-04-05T21:39:25.143Z] >>> [apiv2][query] GET https://firebase.googleapis.com/v1beta1/projects/smyrna-courts-of-justice-737a6 [none]
[debug] [2022-04-05T21:39:25.558Z] <<< [apiv2][status] GET https://firebase.googleapis.com/v1beta1/projects/smyrna-courts-of-justice-737a6 200
[debug] [2022-04-05T21:39:25.558Z] <<< [apiv2][body] GET https://firebase.googleapis.com/v1beta1/projects/smyrna-courts-of-justice-737a6 {"projectId":"smyrna-courts-of-justice-737a6","projectNumber":"343210435644","displayName":"Smyrna Courts of Justice","name":"projects/smyrna-courts-of-justice-737a6","resources":{"hostingSite":"smyrna-courts-of-justice-737a6"},"state":"ACTIVE"}
[info] i  Using project smyrna-courts-of-justice-737a6 (Smyrna Courts of Justice) 
[info] 
=== Hosting Setup
[info] 
[info] Your public directory is the folder (relative to your project directory) that
[info] will contain Hosting assets to be uploaded with firebase deploy. If you
[info] have a build process for your assets, use your build's output directory.
[info] 
[debug] [2022-04-05T21:39:30.636Z] Error: kill ENOSYS
    at process.kill (node:internal/process/per_thread:220:13)
    at process.listener (C:\Program Files\nodejs\node_modules\firebase-tools\node_modules\signal-exit\index.js:95:15)
    at process.emit (node:events:520:28)
[error] 
[error] Error: An unexpected error has occurred.
